[LOG] SystemI::init                            : FMOD Studio Version: 00010815 (82192)
[LOG] SystemI::init                            : maxchannels = 1024, flags = 00030000, extradriverdata = 0x0
[LOG] SystemI::close                           : 
[LOG] SystemI::close                           : Stop all sounds
[LOG] SystemI::close                           : done.

[LOG] OutputCoreAudio::enumerate               : Enumerating...
[LOG] OutputCoreAudio::enumerate               : Found output driver: "Built-in Output".
[LOG] OutputCoreAudio::enumerate               : Found output driver: "Soundflower (2ch)".
[LOG] OutputCoreAudio::enumerate               : Found output driver: "Soundflower (64ch)".
[LOG] OutputCoreAudio::enumerate               : Done.
[LOG] OutputCoreAudio::init                    : Output running 2 channels at 48000Hz sample rate.
[LOG] OutputCoreAudio::init                    : Maximum hardware read size: 1024 samples, Software buffer size: 512 samples, Number of software buffers: 4.
[LOG] Thread::initThread                       : Initializing FMOD mixer thread.  priority 3
[LOG] Thread::initThread                       : - Stacksize 49152.  Stack pointer 0x0 : usesemaphore = 1 : sleeptime = 0
[LOG] Thread::callback                         : * FMOD mixer thread started
[LOG] SystemI::init                            : Set up emulated output
[LOG] SystemI::init                            : create the channel pool
[LOG] Thread::initThread                       : Initializing FMOD stream thread.  priority 2
[LOG] Thread::initThread                       : - Stacksize 65536.  Stack pointer 0x0 : usesemaphore = 0 : sleeptime = 10
[LOG] Thread::callback                         : * FMOD stream thread started
[LOG] Thread::initThread                       : Initializing FMOD Studio update thread.  priority 0
[LOG] Thread::initThread                       : - Stacksize 65536.  Stack pointer 0x0 : usesemaphore = 0 : sleeptime = 1
[LOG] Thread::callback                         : * FMOD Studio update thread started
[LOG] Thread::initThread                       : Initializing FMOD Studio sample load thread.  priority 0
[LOG] Thread::initThread                       : - Stacksize 65536.  Stack pointer 0x0 : usesemaphore = 0 : sleeptime = 1
[LOG] Thread::callback                         : * FMOD Studio sample load thread started
[LOG] LiveUpdate::init                         : 
[LOG] Thread::initThread                       : Initializing FMOD Studio bank load thread.  priority 0
[LOG] Thread::initThread                       : - Stacksize 65536.  Stack pointer 0x0 : usesemaphore = 0 : sleeptime = 1
[LOG] Thread::callback                         : * FMOD Studio bank load thread started
[LOG] Profile::init                            : Profiler listening on port: 9264
[LOG] Manager::readBank                        : fileversion = 80, compatVersion = 70 (oldest = 44, newest = 80)
[LOG] Manager::readBank                        : fileversion = 80, compatVersion = 70 (oldest = 44, newest = 80)
[LOG] PlaybackSystem::acquireMasterBus         : Setting master channel group format to 6
[LOG] SystemI::createSound                     : filename = fmod_Mandalas2/Build/Desktop/Master Bank.bank : mode 02010082
[LOG] SystemI::createSound                     : FMOD_NONBLOCKING specified.  Putting into queue to be opened asynchronously!
[LOG] Thread::initThread                       : Initializing FMOD nonblocking thread (0).  priority 1
[LOG] Thread::initThread                       : - Stacksize 81920.  Stack pointer 0x0 : usesemaphore = 1 : sleeptime = 0
[LOG] Thread::callback                         : * FMOD nonblocking thread (0) started
[LOG] SystemI::createSound                     : setdata soundi = 0x13ece5ee8 : node = 0x13ece60a0
[LOG] SystemI::createSound                     : add node to async list : head = 0x13ece6328.  list count = 0
[LOG] AsyncThread::threadFunc                  : Starting Asynchronous operation on sound 0x13ece5ee8
[LOG] SystemI::createSoundInternal             :     filename = fmod_Mandalas2/Build/Desktop/Master Bank.bank : mode 02010082
[LOG] SystemI::createSound                     :     filename = fmod_Mandalas2/Build/Desktop/Master Bank.bank : mode 02010082
[LOG] SystemI::createSoundInternal             :     exinfo->cbsize             = 232
[LOG] SystemI::createSound                     :     FMOD_NONBLOCKING specified.  Putting into queue to be opened asynchronously!
[LOG] SystemI::createSoundInternal             :     exinfo->length             = 3741504
[LOG] SystemI::createSound                     :     setdata soundi = 0x10bfaf368 : node = 0x137390eb0
[LOG] SystemI::createSoundInternal             :     exinfo->fileoffset         = 34272
[LOG] SystemI::createSound                     :     add node to async list : head = 0x13ece6328.  list count = 0
[LOG] SystemI::createSoundInternal             :     exinfo->numsubsounds       = 1
[LOG] SystemI::createSoundInternal             :     exinfo->inclusionlist      = 0x13ece61b8
[LOG] SystemI::createSoundInternal             :     exinfo->inclusionlistnum   = 1
[LOG] SystemI::createSoundInternal             :     exinfo->suggestedsoundtype = 5
[LOG] SystemI::createSoundInternal             :     exinfo->initialseekpostype = 1
[LOG] SystemI::createSound                     :     filename = fmod_Mandalas2/Build/Desktop/Master Bank.bank : mode 02010082
[LOG] SystemI::createSound                     :     FMOD_NONBLOCKING specified.  Putting into queue to be opened asynchronously!
[LOG] SystemI::createSound                     :     setdata soundi = 0x13eceae78 : node = 0x13eceb030
[LOG] SystemI::createSound                     :     add node to async list : head = 0x13ece6328.  list count = 1
[LOG] SystemI::createSound                     :     filename = fmod_Mandalas2/Build/Desktop/Master Bank.bank : mode 02010082
[LOG] SystemI::createSound                     :     FMOD_NONBLOCKING specified.  Putting into queue to be opened asynchronously!
[LOG] SystemI::createSound                     :     setdata soundi = 0x13eced4f8 : node = 0x13eced6b0
[LOG] SystemI::createSound                     :     add node to async list : head = 0x13ece6328.  list count = 2
[LOG] SystemI::createSound                     :     filename = fmod_Mandalas2/Build/Desktop/Master Bank.bank : mode 02010082
[LOG] SystemI::createSound                     :     FMOD_NONBLOCKING specified.  Putting into queue to be opened asynchronously!
[LOG] SystemI::createSound                     :     setdata soundi = 0x13ecf0518 : node = 0x13ecf06d0
[LOG] SystemI::createSound                     :     add node to async list : head = 0x13ece6328.  list count = 3
[LOG] SystemI::createSound                     :     filename = fmod_Mandalas2/Build/Desktop/Master Bank.bank : mode 02010082
[LOG] SystemI::createSound                     :     FMOD_NONBLOCKING specified.  Putting into queue to be opened asynchronously!
[LOG] SystemI::createSound                     :     setdata soundi = 0x13ecf2b98 : node = 0x13ecf2d50
[LOG] SystemI::createSound                     :     add node to async list : head = 0x13ece6328.  list count = 4
[LOG] SystemI::createSound                     :     filename = fmod_Mandalas2/Build/Desktop/Master Bank.bank : mode 02010082
[LOG] SystemI::createSound                     :     FMOD_NONBLOCKING specified.  Putting into queue to be opened asynchronously!
[LOG] SystemI::createSound                     :     setdata soundi = 0x13ecf5218 : node = 0x13ecf53d0
[LOG] SystemI::createSound                     :     add node to async list : head = 0x13ece6328.  list count = 5
[LOG] SystemI::createSound                     :     filename = fmod_Mandalas2/Build/Desktop/Master Bank.bank : mode 02010082
[LOG] SystemI::createSound                     :     FMOD_NONBLOCKING specified.  Putting into queue to be opened asynchronously!
[LOG] SystemI::createSound                     :     setdata soundi = 0x13ecf7898 : node = 0x13ecf7a50
[LOG] SystemI::createSound                     :     add node to async list : head = 0x13ece6328.  list count = 6
[LOG] SystemI::createSound                     :     filename = fmod_Mandalas2/Build/Desktop/Master Bank.bank : mode 02010082
[LOG] SystemI::createSound                     :     FMOD_NONBLOCKING specified.  Putting into queue to be opened asynchronously!
[LOG] SystemI::createSound                     :     setdata soundi = 0x13ecfa8b8 : node = 0x13ecfaa70
[LOG] SystemI::createSound                     :     add node to async list : head = 0x13ece6328.  list count = 7
[LOG] SystemI::createSoundInternal             :     filename =  : mode 02000202
[LOG] SystemI::createSoundInternal             :     exinfo->cbsize             = 232
[LOG] SystemI::createSoundInternal             :     exinfo->length             = 3741504
[LOG] SystemI::createSoundInternal             :     exinfo->fileoffset         = 34272
[LOG] SystemI::createSoundInternal             :     exinfo->numsubsounds       = 1
[LOG] SystemI::createSoundInternal             :     exinfo->inclusionlist      = 0x700005892b88
[LOG] SystemI::createSoundInternal             :     exinfo->inclusionlistnum   = 1
[LOG] SystemI::createSoundInternal             :     exinfo->suggestedsoundtype = 5
[LOG] SystemI::createSoundInternal             :     exinfo->useropen           = 0x2673f6648
[LOG] SystemI::createSoundInternal             :     exinfo->userclose          = 0x2673f6704
[LOG] SystemI::createSoundInternal             :     exinfo->userread           = 0x2673f6734
[LOG] SystemI::createSoundInternal             :     exinfo->userseek           = 0x2673f67d1
[LOG] SystemI::createSoundInternal             :     exinfo->fileuserdata       = 0x129465a18
[LOG] SystemI::createSoundInternal             :     exinfo->initialseekpostype = 1
[LOG] SystemI::createSoundInternal             :     Format has 1 subsounds.
[LOG] SystemI::createSoundInternal             :     Format has 1 subsounds.
[LOG] SystemI::createSoundInternal             :     Create as FMOD_CREATESTREAM
[LOG] SystemI::createSoundInternal             :     Create as FMOD_CREATESAMPLE
[LOG] System::createSoundInternal              :     decode buffersize = 19200 : blocksize = 256 : format = 2
[LOG] SystemI::createSoundInternal             :     Multi-sample sound (1 subsounds), create a sample container.
[LOG] SystemI::createSample                    :     mode 02010082 length 19200 samples, lengthbytes 541152
[LOG] SystemI::createSample                    :     channels = 2
[LOG] SystemI::createSoundInternal             :     creating subsound 0/1
[LOG] SystemI::createSample                    :     output = 0x141eae758
[LOG] SystemI::createSample                    :     mode 02000202 length 134574 samples, lengthbytes 27584
[LOG] OutputSoftware::createSample             :     lengthpcm 19200, lengthbytes 541152, channels 2, format 2, freq 48000, mode 0201008a
[LOG] SystemI::createSample                    :     channels = 2
[LOG] SystemI::createSample                    :     output = 0x141eae758
[LOG] OutputSoftware::createSample             :     lengthpcm 134574, lengthbytes 27584, channels 2, format 2, freq 48000, mode 0200020a
[LOG] System::createSoundInternal              :     1 subsounds detected.
[LOG] System::createSoundInternal              :     Seek stream to start
[LOG] System::createSoundInternal              :     flush stream buffer
[LOG] SystemI::createSoundInternal             :     No name found in file, use filename.
[LOG] SystemI::createSoundInternal             :     done.  OpenState now = FMOD_OPENSTATE_READY.

[LOG] SystemI::createSoundInternal             :     filename =  : mode 02000202
[LOG] SystemI::createSoundInternal             :     exinfo->cbsize             = 232
[LOG] SystemI::createSoundInternal             :     exinfo->length             = 3741504
[LOG] SystemI::createSoundInternal             :     exinfo->fileoffset         = 34272
[LOG] SystemI::createSoundInternal             :     exinfo->numsubsounds       = 1
[LOG] SystemI::createSoundInternal             :     exinfo->inclusionlist      = 0x700005892b88
[LOG] SystemI::createSoundInternal             :     exinfo->inclusionlistnum   = 1
[LOG] SystemI::createSoundInternal             :     exinfo->suggestedsoundtype = 5
[LOG] SystemI::createSoundInternal             :     exinfo->useropen           = 0x2673f6648
[LOG] SystemI::createSoundInternal             :     exinfo->userclose          = 0x2673f6704
[LOG] SystemI::createSoundInternal             :     exinfo->userread           = 0x2673f6734
[LOG] SystemI::createSoundInternal             :     exinfo->userseek           = 0x2673f67d1
[LOG] SystemI::createSoundInternal             :     exinfo->fileuserdata       = 0x129465a18
[LOG] SystemI::createSoundInternal             :     exinfo->initialseekpostype = 1
[LOG] SystemI::createSoundInternal             :     Format has 1 subsounds.
[LOG] SystemI::createSoundInternal             :     Create as FMOD_CREATESAMPLE
[LOG] SystemI::createSoundInternal             :     Multi-sample sound (1 subsounds), create a sample container.
[LOG] SystemI::createSoundInternal             :     creating subsound 0/1
[LOG] SystemI::createSample                    :     mode 02000202 length 67338 samples, lengthbytes 20032
[LOG] SystemI::createSample                    :     channels = 2
[LOG] SystemI::createSample                    :     output = 0x141eae758
[LOG] OutputSoftware::createSample             :     lengthpcm 67338, lengthbytes 20032, channels 2, format 2, freq 48000, mode 0200020a
[LOG] SystemI::createSoundInternal             :     No name found in file, use filename.
[LOG] SystemI::createSoundInternal             :     done.  OpenState now = FMOD_OPENSTATE_READY.

[LOG] System::createSoundInternal              :     flush successful.
[LOG] System::createSoundInternal              :     switch file handle from small blocking single buffered to large nonblocking doublebuffered.
[LOG] Thread::initThread                       :         Initializing FMOD file thread.  priority 1
[LOG] Thread::initThread                       :         - Stacksize 16384.  Stack pointer 0x0 : usesemaphore = 0 : sleeptime = 10
[LOG] Thread::callback                         :         * FMOD file thread started
[LOG] SystemI::createSoundInternal             :     done.  OpenState now = FMOD_OPENSTATE_READY.

[LOG] AsyncThread::threadFunc                  : Finished Asynchronous operation on sound 0x13ece5ee8
[LOG] AsyncThread::threadFunc                  : Starting Asynchronous operation on sound 0x10bfaf368
[LOG] SystemI::createSoundInternal             :     filename = fmod_Mandalas2/Build/Desktop/Master Bank.bank : mode 02010082
[LOG] SystemI::createSoundInternal             :     exinfo->cbsize             = 232
[LOG] SystemI::createSoundInternal             :     exinfo->length             = 3741504
[LOG] SystemI::createSoundInternal             :     exinfo->fileoffset         = 34272
[LOG] SystemI::createSoundInternal             :     exinfo->numsubsounds       = 1
[LOG] SystemI::createSoundInternal             :     exinfo->inclusionlist      = 0x137390fc8
[LOG] SystemI::createSoundInternal             :     exinfo->inclusionlistnum   = 1
[LOG] SystemI::createSoundInternal             :     exinfo->suggestedsoundtype = 5
[LOG] SystemI::createSoundInternal             :     exinfo->initialseekpostype = 1
[LOG] SystemI::createSoundInternal             :     Format has 1 subsounds.
[LOG] SystemI::createSoundInternal             :     Create as FMOD_CREATESTREAM
[LOG] System::createSoundInternal              :     decode buffersize = 19200 : blocksize = 256 : format = 2
[LOG] SystemI::createSample                    :     mode 02010082 length 19200 samples, lengthbytes 377568
[LOG] SystemI::createSample                    :     channels = 2
[LOG] SystemI::createSample                    :     output = 0x141eae758
[LOG] OutputSoftware::createSample             :     lengthpcm 19200, lengthbytes 377568, channels 2, format 2, freq 48000, mode 0201008a
[LOG] System::createSoundInternal              :     1 subsounds detected.
[LOG] System::createSoundInternal              :     Seek stream to start
[LOG] System::createSoundInternal              :     flush stream buffer
[LOG] System::createSoundInternal              :     flush successful.
[LOG] System::createSoundInternal              :     switch file handle from small blocking single buffered to large nonblocking doublebuffered.
[LOG] SystemI::createSoundInternal             :     done.  OpenState now = FMOD_OPENSTATE_READY.

[LOG] AsyncThread::threadFunc                  : Finished Asynchronous operation on sound 0x10bfaf368
[LOG] AsyncThread::threadFunc                  : Starting Asynchronous operation on sound 0x13eceae78
[LOG] SystemI::createSoundInternal             :     filename = fmod_Mandalas2/Build/Desktop/Master Bank.bank : mode 02010082
[LOG] SystemI::createSoundInternal             :     exinfo->cbsize             = 232
[LOG] SystemI::createSoundInternal             :     exinfo->length             = 3741504
[LOG] SystemI::createSoundInternal             :     exinfo->fileoffset         = 34272
[LOG] SystemI::createSoundInternal             :     exinfo->numsubsounds       = 1
[LOG] SystemI::createSoundInternal             :     exinfo->inclusionlist      = 0x13eceb148
[LOG] SystemI::createSoundInternal             :     exinfo->inclusionlistnum   = 1
[LOG] SystemI::createSoundInternal             :     exinfo->suggestedsoundtype = 5
[LOG] SystemI::createSoundInternal             :     exinfo->initialseekpostype = 1
[LOG] SystemI::createSoundInternal             :     Format has 1 subsounds.
[LOG] SystemI::createSoundInternal             :     Create as FMOD_CREATESTREAM
[LOG] System::createSoundInternal              :     decode buffersize = 19200 : blocksize = 256 : format = 2
[LOG] SystemI::createSample                    :     mode 02010082 length 19200 samples, lengthbytes 363552
[LOG] SystemI::createSample                    :     channels = 2
[LOG] SystemI::createSample                    :     output = 0x141eae758
[LOG] OutputSoftware::createSample             :     lengthpcm 19200, lengthbytes 363552, channels 2, format 2, freq 48000, mode 0201008a
[LOG] System::createSoundInternal              :     1 subsounds detected.
[LOG] System::createSoundInternal              :     Seek stream to start
[LOG] System::createSoundInternal              :     flush stream buffer
[LOG] System::createSoundInternal              :     flush successful.
[LOG] System::createSoundInternal              :     switch file handle from small blocking single buffered to large nonblocking doublebuffered.
[LOG] SystemI::createSoundInternal             :     done.  OpenState now = FMOD_OPENSTATE_READY.

[LOG] AsyncThread::threadFunc                  : Finished Asynchronous operation on sound 0x13eceae78
[LOG] AsyncThread::threadFunc                  : Starting Asynchronous operation on sound 0x13eced4f8
[LOG] SystemI::createSoundInternal             :     filename = fmod_Mandalas2/Build/Desktop/Master Bank.bank : mode 02010082
[LOG] SystemI::createSoundInternal             :     exinfo->cbsize             = 232
[LOG] SystemI::createSoundInternal             :     exinfo->length             = 3741504
[LOG] SystemI::createSoundInternal             :     exinfo->fileoffset         = 34272
[LOG] SystemI::createSoundInternal             :     exinfo->numsubsounds       = 1
[LOG] SystemI::createSoundInternal             :     exinfo->inclusionlist      = 0x13eced7c8
[LOG] SystemI::createSoundInternal             :     exinfo->inclusionlistnum   = 1
[LOG] SystemI::createSoundInternal             :     exinfo->suggestedsoundtype = 5
[LOG] SystemI::createSoundInternal             :     exinfo->initialseekpostype = 1
[LOG] SystemI::createSoundInternal             :     Format has 1 subsounds.
[LOG] SystemI::createSoundInternal             :     Create as FMOD_CREATESTREAM
[LOG] System::createSoundInternal              :     decode buffersize = 19200 : blocksize = 256 : format = 2
[LOG] SystemI::createSample                    :     mode 02010082 length 19200 samples, lengthbytes 375776
[LOG] SystemI::createSample                    :     channels = 2
[LOG] SystemI::createSample                    :     output = 0x141eae758
[LOG] OutputSoftware::createSample             :     lengthpcm 19200, lengthbytes 375776, channels 2, format 2, freq 48000, mode 0201008a
[LOG] System::createSoundInternal              :     1 subsounds detected.
[LOG] System::createSoundInternal              :     Seek stream to start
[LOG] System::createSoundInternal              :     flush stream buffer
[LOG] System::createSoundInternal              :     flush successful.
[LOG] System::createSoundInternal              :     switch file handle from small blocking single buffered to large nonblocking doublebuffered.
[LOG] SystemI::createSoundInternal             :     done.  OpenState now = FMOD_OPENSTATE_READY.

[LOG] AsyncThread::threadFunc                  : Finished Asynchronous operation on sound 0x13eced4f8
[LOG] AsyncThread::threadFunc                  : Starting Asynchronous operation on sound 0x13ecf0518
[LOG] SystemI::createSoundInternal             :     filename = fmod_Mandalas2/Build/Desktop/Master Bank.bank : mode 02010082
[LOG] SystemI::createSoundInternal             :     exinfo->cbsize             = 232
[LOG] SystemI::createSoundInternal             :     exinfo->length             = 3741504
[LOG] SystemI::createSoundInternal             :     exinfo->fileoffset         = 34272
[LOG] SystemI::createSoundInternal             :     exinfo->numsubsounds       = 1
[LOG] SystemI::createSoundInternal             :     exinfo->inclusionlist      = 0x13ecf07e8
[LOG] SystemI::createSoundInternal             :     exinfo->inclusionlistnum   = 1
[LOG] SystemI::createSoundInternal             :     exinfo->suggestedsoundtype = 5
[LOG] SystemI::createSoundInternal             :     exinfo->initialseekpostype = 1
[LOG] SystemI::createSoundInternal             :     Format has 1 subsounds.
[LOG] SystemI::createSoundInternal             :     Create as FMOD_CREATESTREAM
[LOG] System::createSoundInternal              :     decode buffersize = 19200 : blocksize = 256 : format = 2
[LOG] SystemI::createSample                    :     mode 02010082 length 19200 samples, lengthbytes 63584
[LOG] SystemI::createSample                    :     channels = 2
[LOG] SystemI::createSample                    :     output = 0x141eae758
[LOG] OutputSoftware::createSample             :     lengthpcm 19200, lengthbytes 63584, channels 2, format 2, freq 48000, mode 0201008a
[LOG] System::createSoundInternal              :     1 subsounds detected.
[LOG] System::createSoundInternal              :     Seek stream to start
[LOG] System::createSoundInternal              :     flush stream buffer
[LOG] System::createSoundInternal              :     flush successful.
[LOG] System::createSoundInternal              :     switch file handle from small blocking single buffered to large nonblocking doublebuffered.
[LOG] SystemI::createSoundInternal             :     done.  OpenState now = FMOD_OPENSTATE_READY.

[LOG] AsyncThread::threadFunc                  : Finished Asynchronous operation on sound 0x13ecf0518
[LOG] AsyncThread::threadFunc                  : Starting Asynchronous operation on sound 0x13ecf2b98
[LOG] SystemI::createSoundInternal             :     filename = fmod_Mandalas2/Build/Desktop/Master Bank.bank : mode 02010082
[LOG] SystemI::createSoundInternal             :     exinfo->cbsize             = 232
[LOG] SystemI::createSoundInternal             :     exinfo->length             = 3741504
[LOG] SystemI::createSoundInternal             :     exinfo->fileoffset         = 34272
[LOG] SystemI::createSoundInternal             :     exinfo->numsubsounds       = 1
[LOG] SystemI::createSoundInternal             :     exinfo->inclusionlist      = 0x13ecf2e68
[LOG] SystemI::createSoundInternal             :     exinfo->inclusionlistnum   = 1
[LOG] SystemI::createSoundInternal             :     exinfo->suggestedsoundtype = 5
[LOG] SystemI::createSoundInternal             :     exinfo->initialseekpostype = 1
[LOG] SystemI::createSoundInternal             :     Format has 1 subsounds.
[LOG] SystemI::createSoundInternal             :     Create as FMOD_CREATESTREAM
[LOG] System::createSoundInternal              :     decode buffersize = 19200 : blocksize = 256 : format = 2
[LOG] SystemI::createSample                    :     mode 02010082 length 19200 samples, lengthbytes 192384
[LOG] SystemI::createSample                    :     channels = 2
[LOG] SystemI::createSample                    :     output = 0x141eae758
[LOG] OutputSoftware::createSample             :     lengthpcm 19200, lengthbytes 192384, channels 2, format 2, freq 48000, mode 0201008a
[LOG] System::createSoundInternal              :     1 subsounds detected.
[LOG] System::createSoundInternal              :     Seek stream to start
[LOG] System::createSoundInternal              :     flush stream buffer
[LOG] System::createSoundInternal              :     flush successful.
[LOG] System::createSoundInternal              :     switch file handle from small blocking single buffered to large nonblocking doublebuffered.
[LOG] SystemI::createSoundInternal             :     done.  OpenState now = FMOD_OPENSTATE_READY.

[LOG] AsyncThread::threadFunc                  : Finished Asynchronous operation on sound 0x13ecf2b98
[LOG] AsyncThread::threadFunc                  : Starting Asynchronous operation on sound 0x13ecf5218
[LOG] SystemI::createSoundInternal             :     filename = fmod_Mandalas2/Build/Desktop/Master Bank.bank : mode 02010082
[LOG] SystemI::createSoundInternal             :     exinfo->cbsize             = 232
[LOG] SystemI::createSoundInternal             :     exinfo->length             = 3741504
[LOG] SystemI::createSoundInternal             :     exinfo->fileoffset         = 34272
[LOG] SystemI::createSoundInternal             :     exinfo->numsubsounds       = 1
[LOG] SystemI::createSoundInternal             :     exinfo->inclusionlist      = 0x13ecf54e8
[LOG] SystemI::createSoundInternal             :     exinfo->inclusionlistnum   = 1
[LOG] SystemI::createSoundInternal             :     exinfo->suggestedsoundtype = 5
[LOG] SystemI::createSoundInternal             :     exinfo->initialseekpostype = 1
[LOG] SystemI::createSoundInternal             :     Format has 1 subsounds.
[LOG] SystemI::createSoundInternal             :     Create as FMOD_CREATESTREAM
[LOG] System::createSoundInternal              :     decode buffersize = 19200 : blocksize = 256 : format = 2
[LOG] SystemI::createSample                    :     mode 02010082 length 19200 samples, lengthbytes 357792
[LOG] SystemI::createSample                    :     channels = 2
[LOG] SystemI::createSample                    :     output = 0x141eae758
[LOG] OutputSoftware::createSample             :     lengthpcm 19200, lengthbytes 357792, channels 2, format 2, freq 48000, mode 0201008a
[LOG] System::createSoundInternal              :     1 subsounds detected.
[LOG] System::createSoundInternal              :     Seek stream to start
[LOG] System::createSoundInternal              :     flush stream buffer
[LOG] System::createSoundInternal              :     flush successful.
[LOG] System::createSoundInternal              :     switch file handle from small blocking single buffered to large nonblocking doublebuffered.
[LOG] SystemI::createSoundInternal             :     done.  OpenState now = FMOD_OPENSTATE_READY.

[LOG] AsyncThread::threadFunc                  : Finished Asynchronous operation on sound 0x13ecf5218
[LOG] AsyncThread::threadFunc                  : Starting Asynchronous operation on sound 0x13ecf7898
[LOG] SystemI::createSoundInternal             :     filename = fmod_Mandalas2/Build/Desktop/Master Bank.bank : mode 02010082
[LOG] SystemI::createSoundInternal             :     exinfo->cbsize             = 232
[LOG] SystemI::createSoundInternal             :     exinfo->length             = 3741504
[LOG] SystemI::createSoundInternal             :     exinfo->fileoffset         = 34272
[LOG] SystemI::createSoundInternal             :     exinfo->numsubsounds       = 1
[LOG] SystemI::createSoundInternal             :     exinfo->inclusionlist      = 0x13ecf7b68
[LOG] SystemI::createSoundInternal             :     exinfo->inclusionlistnum   = 1
[LOG] SystemI::createSoundInternal             :     exinfo->suggestedsoundtype = 5
[LOG] SystemI::createSoundInternal             :     exinfo->initialseekpostype = 1
[LOG] SystemI::createSoundInternal             :     Format has 1 subsounds.
[LOG] SystemI::createSoundInternal             :     Create as FMOD_CREATESTREAM
[LOG] System::createSoundInternal              :     decode buffersize = 19200 : blocksize = 256 : format = 2
[LOG] SystemI::createSample                    :     mode 02010082 length 19200 samples, lengthbytes 367840
[LOG] SystemI::createSample                    :     channels = 2
[LOG] SystemI::createSample                    :     output = 0x141eae758
[LOG] OutputSoftware::createSample             :     lengthpcm 19200, lengthbytes 367840, channels 2, format 2, freq 48000, mode 0201008a
[LOG] System::createSoundInternal              :     1 subsounds detected.
[LOG] System::createSoundInternal              :     Seek stream to start
[LOG] System::createSoundInternal              :     flush stream buffer
[LOG] System::createSoundInternal              :     flush successful.
[LOG] System::createSoundInternal              :     switch file handle from small blocking single buffered to large nonblocking doublebuffered.
[LOG] SystemI::createSoundInternal             :     done.  OpenState now = FMOD_OPENSTATE_READY.

[LOG] AsyncThread::threadFunc                  : Finished Asynchronous operation on sound 0x13ecf7898
[LOG] AsyncThread::threadFunc                  : Starting Asynchronous operation on sound 0x13ecfa8b8
[LOG] SystemI::createSoundInternal             :     filename = fmod_Mandalas2/Build/Desktop/Master Bank.bank : mode 02010082
[LOG] SystemI::createSoundInternal             :     exinfo->cbsize             = 232
[LOG] SystemI::createSoundInternal             :     exinfo->length             = 3741504
[LOG] SystemI::createSoundInternal             :     exinfo->fileoffset         = 34272
[LOG] SystemI::createSoundInternal             :     exinfo->numsubsounds       = 1
[LOG] SystemI::createSoundInternal             :     exinfo->inclusionlist      = 0x13ecfab88
[LOG] SystemI::createSoundInternal             :     exinfo->inclusionlistnum   = 1
[LOG] SystemI::createSoundInternal             :     exinfo->suggestedsoundtype = 5
[LOG] SystemI::createSoundInternal             :     exinfo->initialseekpostype = 1
[LOG] SystemI::createSoundInternal             :     Format has 1 subsounds.
[LOG] SystemI::createSoundInternal             :     Create as FMOD_CREATESTREAM
[LOG] System::createSoundInternal              :     decode buffersize = 19200 : blocksize = 256 : format = 2
[LOG] SystemI::createSample                    :     mode 02010082 length 19200 samples, lengthbytes 103808
[LOG] SystemI::createSample                    :     channels = 2
[LOG] SystemI::createSample                    :     output = 0x141eae758
[LOG] OutputSoftware::createSample             :     lengthpcm 19200, lengthbytes 103808, channels 2, format 2, freq 48000, mode 0201008a
[LOG] System::createSoundInternal              :     1 subsounds detected.
[LOG] System::createSoundInternal              :     Seek stream to start
[LOG] System::createSoundInternal              :     flush stream buffer
[LOG] SoundI::getSubSound                      :     sound 0x13ece5ee8.  Subsound index 0 / 1
[LOG] SoundI::getSubSound                      :     sound 0x10bfaf368.  Subsound index 0 / 1
[LOG] SoundI::getSubSound                      :     sound 0x13eceae78.  Subsound index 0 / 1
[LOG] SoundI::getSubSound                      :     sound 0x13eced4f8.  Subsound index 0 / 1
[LOG] SoundI::getSubSound                      :     sound 0x13ecf0518.  Subsound index 0 / 1
[LOG] SoundI::getSubSound                      :     sound 0x13ecf2b98.  Subsound index 0 / 1
[LOG] SoundI::getSubSound                      :     sound 0x13ecf5218.  Subsound index 0 / 1
[LOG] SoundI::getSubSound                      :     sound 0x13ecf7898.  Subsound index 0 / 1
[LOG] System::createSoundInternal              :     flush successful.
[LOG] System::createSoundInternal              :     switch file handle from small blocking single buffered to large nonblocking doublebuffered.
[LOG] SystemI::createSoundInternal             :     done.  OpenState now = FMOD_OPENSTATE_READY.

[LOG] AsyncThread::threadFunc                  : Finished Asynchronous operation on sound 0x13ecfa8b8
[LOG] SoundI::getSubSound                      : sound 0x13ecfa8b8.  Subsound index 0 / 1
[LOG] SystemI::createSound                     : filename = fmod_Mandalas2/Build/Desktop/Master Bank.bank : mode 02010082
[LOG] SystemI::createSound                     : FMOD_NONBLOCKING specified.  Putting into queue to be opened asynchronously!
[LOG] SystemI::createSound                     : setdata soundi = 0x13b2b1d48 : node = 0x13b2ce440
[LOG] SystemI::createSound                     : add node to async list : head = 0x13ece6328.  list count = 0
[LOG] SystemI::createSound                     : filename = fmod_Mandalas2/Build/Desktop/Master Bank.bank : mode 02010082
[LOG] AsyncThread::threadFunc                  : Starting Asynchronous operation on sound 0x13b2b1d48
[LOG] SystemI::createSound                     : FMOD_NONBLOCKING specified.  Putting into queue to be opened asynchronously!
[LOG] SystemI::createSoundInternal             :     filename = fmod_Mandalas2/Build/Desktop/Master Bank.bank : mode 02010082
[LOG] SystemI::createSound                     :     setdata soundi = 0x141f00258 : node = 0x141f00410
[LOG] SystemI::createSoundInternal             :     exinfo->cbsize             = 232
[LOG] SystemI::createSound                     :     add node to async list : head = 0x13ece6328.  list count = 0
[LOG] SystemI::createSoundInternal             :     exinfo->length             = 3741504
[LOG] SystemI::createSoundInternal             :     exinfo->fileoffset         = 34272
[LOG] SystemI::createSoundInternal             :     exinfo->numsubsounds       = 1
[LOG] SystemI::createSoundInternal             :     exinfo->inclusionlist      = 0x13b2ce558
[LOG] SystemI::createSoundInternal             :     exinfo->inclusionlistnum   = 1
[LOG] SystemI::createSoundInternal             :     exinfo->suggestedsoundtype = 5
[LOG] SystemI::createSoundInternal             :     exinfo->initialseekpostype = 1
[LOG] SystemI::createSoundInternal             :     Format has 1 subsounds.
[LOG] SystemI::createSoundInternal             :     Create as FMOD_CREATESTREAM
[LOG] System::createSoundInternal              :     decode buffersize = 19200 : blocksize = 256 : format = 2
[LOG] SystemI::createSample                    :     mode 02010082 length 19200 samples, lengthbytes 63584
[LOG] SystemI::createSample                    :     channels = 2
[LOG] SystemI::createSample                    :     output = 0x141eae758
[LOG] OutputSoftware::createSample             :     lengthpcm 19200, lengthbytes 63584, channels 2, format 2, freq 48000, mode 0201008a
[LOG] System::createSoundInternal              :     1 subsounds detected.
[LOG] System::createSoundInternal              :     Seek stream to start
[LOG] System::createSoundInternal              :     flush stream buffer
[LOG] System::createSoundInternal              :     flush successful.
[LOG] System::createSoundInternal              :     switch file handle from small blocking single buffered to large nonblocking doublebuffered.
[LOG] SystemI::createSoundInternal             :     done.  OpenState now = FMOD_OPENSTATE_READY.

[LOG] AsyncThread::threadFunc                  : Finished Asynchronous operation on sound 0x13b2b1d48
[LOG] AsyncThread::threadFunc                  : Starting Asynchronous operation on sound 0x141f00258
[LOG] SystemI::createSoundInternal             :     filename = fmod_Mandalas2/Build/Desktop/Master Bank.bank : mode 02010082
[LOG] SystemI::createSoundInternal             :     exinfo->cbsize             = 232
[LOG] SystemI::createSoundInternal             :     exinfo->length             = 3741504
[LOG] SystemI::createSoundInternal             :     exinfo->fileoffset         = 34272
[LOG] SystemI::createSoundInternal             :     exinfo->numsubsounds       = 1
[LOG] SystemI::createSoundInternal             :     exinfo->inclusionlist      = 0x141f00528
[LOG] SystemI::createSoundInternal             :     exinfo->inclusionlistnum   = 1
[LOG] SystemI::createSoundInternal             :     exinfo->suggestedsoundtype = 5
[LOG] SystemI::createSoundInternal             :     exinfo->initialseekpostype = 1
[LOG] SystemI::createSoundInternal             :     Format has 1 subsounds.
[LOG] SystemI::createSoundInternal             :     Create as FMOD_CREATESTREAM
[LOG] System::createSoundInternal              :     decode buffersize = 19200 : blocksize = 256 : format = 2
[LOG] SystemI::createSample                    :     mode 02010082 length 19200 samples, lengthbytes 103808
[LOG] SystemI::createSample                    :     channels = 2
[LOG] SystemI::createSample                    :     output = 0x141eae758
[LOG] OutputSoftware::createSample             :     lengthpcm 19200, lengthbytes 103808, channels 2, format 2, freq 48000, mode 0201008a
[LOG] System::createSoundInternal              :     1 subsounds detected.
[LOG] System::createSoundInternal              :     Seek stream to start
[LOG] System::createSoundInternal              :     flush stream buffer
[LOG] System::createSoundInternal              :     flush successful.
[LOG] System::createSoundInternal              :     switch file handle from small blocking single buffered to large nonblocking doublebuffered.
[LOG] SystemI::createSoundInternal             :     done.  OpenState now = FMOD_OPENSTATE_READY.

[LOG] AsyncThread::threadFunc                  : Finished Asynchronous operation on sound 0x141f00258
[LOG] SoundI::getSubSound                      : sound 0x13b2b1d48.  Subsound index 0 / 1
[LOG] SoundI::getSubSound                      : sound 0x141f00258.  Subsound index 0 / 1
[LOG] SoundI::release                          : SoulDnB-Basss (0x13ecf0518)
[LOG] SoundI::release                          : remove stream samples. (0x13ecf0518)
[LOG] SoundI::release                          :     SoulDnB-Basss (0x141ebb268)
[LOG] SoundI::release                          : release subsounds. (0x13ecf0518)
[LOG] SoundI::release                          :     SoulDnB-Basss (0x141ebb508)
[LOG] SoundI::release                          : release codec. (0x13ecf0518)
[LOG] SoundI::release                          : SoulDnB-Chords (0x13ecfa8b8)
[LOG] SoundI::release                          : remove stream samples. (0x13ecfa8b8)
[LOG] SoundI::release                          :     SoulDnB-Chords (0x141ebcce8)
[LOG] SoundI::release                          : release subsounds. (0x13ecfa8b8)
[LOG] SoundI::release                          :     SoulDnB-Chords (0x141ebcf88)
[LOG] SoundI::release                          : release codec. (0x13ecfa8b8)
[LOG] SoundI::release                          : shs_cp_becalm_F# (0x13ecf7898)
[LOG] SoundI::release                          : remove stream samples. (0x13ecf7898)
[LOG] SoundI::release                          :     shs_cp_becalm_F# (0x13ec23498)
[LOG] SoundI::release                          : release subsounds. (0x13ecf7898)
[LOG] SoundI::release                          :     shs_cp_becalm_F# (0x13ec23738)
[LOG] SoundI::release                          : release codec. (0x13ecf7898)
[LOG] SoundI::release                          : om (0x13ecf2b98)
[LOG] SoundI::release                          : remove stream samples. (0x13ecf2b98)
[LOG] SoundI::release                          :     om (0x128115768)
[LOG] SoundI::release                          : release subsounds. (0x13ecf2b98)
[LOG] SoundI::release                          :     om (0x12817ae48)
[LOG] SoundI::release                          : release codec. (0x13ecf2b98)
[LOG] SoundI::release                          : shs_cp_becalm_A#m_1 (0x13eceae78)
[LOG] SoundI::release                          : remove stream samples. (0x13eceae78)
[LOG] SoundI::release                          :     shs_cp_becalm_A#m_1 (0x141eb9788)
[LOG] SoundI::release                          : release subsounds. (0x13eceae78)
[LOG] SoundI::release                          :     shs_cp_becalm_A#m_1 (0x141eb9a28)
[LOG] SoundI::release                          : release codec. (0x13eceae78)
[LOG] SoundI::release                          : shs_cp_becalm_C# (0x10bfaf368)
[LOG] SoundI::release                          : remove stream samples. (0x10bfaf368)
[LOG] SoundI::release                          :     shs_cp_becalm_C# (0x141eb9238)
[LOG] SoundI::release                          : release subsounds. (0x10bfaf368)
[LOG] SoundI::release                          :     shs_cp_becalm_C# (0x141eb94d8)
[LOG] SoundI::release                          : release codec. (0x10bfaf368)
[LOG] SoundI::release                          : SoulDnB-Chords (0x141f00258)
[LOG] SoundI::release                          : remove stream samples. (0x141f00258)
[LOG] SoundI::release                          :     SoulDnB-Chords (0x12915ae38)
[LOG] SoundI::release                          : release subsounds. (0x141f00258)
[LOG] SoundI::release                          :     SoulDnB-Chords (0x1291a2988)
[LOG] SoundI::release                          : release codec. (0x141f00258)
[LOG] SoundI::release                          : AM1_Bowl_Single_01 (0x13eced4f8)
[LOG] SoundI::release                          : remove stream samples. (0x13eced4f8)
[LOG] SoundI::release                          :     AM1_Bowl_Single_01 (0x141eba4f8)
[LOG] SoundI::release                          : release subsounds. (0x13eced4f8)
[LOG] SoundI::release                          :     AM1_Bowl_Single_01 (0x141eba798)
[LOG] SoundI::release                          : release codec. (0x13eced4f8)
[LOG] SoundI::release                          : crunch (0x13ece5ee8)
[LOG] SoundI::release                          : remove stream samples. (0x13ece5ee8)
[LOG] SoundI::release                          :     crunch (0x12819a3a8)
[LOG] SoundI::release                          : release subsounds. (0x13ece5ee8)
[LOG] SoundI::release                          :     crunch (0x128185d38)
[LOG] SoundI::release                          : release codec. (0x13ece5ee8)
[LOG] SoundI::release                          : shs_cp_becalm_G# (0x13ecf5218)
[LOG] SoundI::release                          : remove stream samples. (0x13ecf5218)
[LOG] SoundI::release                          :     shs_cp_becalm_G# (0x13ecfb3b8)
[LOG] SoundI::release                          : release subsounds. (0x13ecf5218)
[LOG] SoundI::release                          :     shs_cp_becalm_G# (0x13ecfb658)
[LOG] SoundI::release                          : release codec. (0x13ecf5218)
[LOG] SoundI::release                          : SoulDnB-Basss (0x13b2b1d48)
[LOG] SoundI::release                          : remove stream samples. (0x13b2b1d48)
[LOG] SoundI::release                          :     SoulDnB-Basss (0x141e77f88)
[LOG] SoundI::release                          : release subsounds. (0x13b2b1d48)
[LOG] SoundI::release                          :     SoulDnB-Basss (0x129191268)
[LOG] SoundI::release                          : release codec. (0x13b2b1d48)
[LOG] SoundI::release                          :  (0x141eb8288)
[LOG] SoundI::release                          : release subsounds. (0x141eb8288)
[LOG] SoundI::release                          :     SoulDnB-Shaker (0x141eb8988)
[LOG] SoundI::release                          : release codec. (0x141eb8288)
[LOG] SoundI::release                          :  (0x10d1af508)
[LOG] SoundI::release                          : release subsounds. (0x10d1af508)
[LOG] SoundI::release                          :     SoulDnB-Drums (0x1281a3218)
[LOG] SoundI::release                          : release codec. (0x10d1af508)
[LOG] Thread::callback                         : * FMOD Studio update thread finished
[LOG] Thread::close                            : FMOD Studio update thread thread destroyed
[LOG] Thread::callback                         : * FMOD Studio bank load thread finished
[LOG] Thread::close                            : FMOD Studio bank load thread thread destroyed
[LOG] Profile::disconnectAll                   : Profiler disconnecting all clients
[LOG] Thread::callback                         : * FMOD Studio sample load thread finished
[LOG] Thread::close                            : FMOD Studio sample load thread thread destroyed
[LOG] LiveUpdate::release                      : 
[LOG] LiveUpdate::reset                        : Reset connection (reason Disconnected)
[LOG] SystemI::close                           : 
[LOG] SystemI::close                           : Stop all sounds
[LOG] Thread::callback                         : * FMOD stream thread finished
[LOG] Thread::close                            : FMOD stream thread thread destroyed
[LOG] SystemI::close                           : Stream thread destroyed
[LOG] Thread::callback                         : * FMOD mixer thread finished
[LOG] Thread::close                            : FMOD mixer thread thread destroyed
[LOG] SystemI::close                           : Free master channel group.
[LOG] SystemI::close                           : Remove 'master' sound group.
[LOG] SystemI::close                           : Free software output.
[LOG] SystemI::close                           : Free emulated output.
[LOG] SystemI::close                           : Free channel pool.
[LOG] Thread::callback                         : * FMOD nonblocking thread (0) finished
[LOG] Thread::close                            : FMOD nonblocking thread (0) thread destroyed
[LOG] Thread::callback                         : * FMOD file thread finished
[LOG] Thread::close                            : FMOD file thread thread destroyed
[LOG] SystemI::close                           : done.

